-------------------------------------------------------------------------------
Test set: com.sg.vendingmachine.dao.VendingMachineDaoFileImplTest
-------------------------------------------------------------------------------
Tests run: 1, Failures: 1, Errors: 0, Skipped: 0, Time elapsed: 0 sec <<< FAILURE!
com.sg.vendingmachine.dao.VendingMachineDaoFileImplTest.testGetItem()  Time elapsed: 0 sec  <<< FAILURE!
java.lang.NullPointerException
	at com.sg.vendingmachine.dao.VendingMachineDaoFileImplTest.testGetItem(VendingMachineDaoFileImplTest.java:52)

